2015-04-20 03:34:41,462 - 
2015-04-20 03:34:41,474 - DfFlutistLog4JLogSystem initialized using logfile './log/velocity.log'
2015-04-20 03:34:41,474 - Initializing Velocity, Calling init()...
2015-04-20 03:34:41,474 - *******************************************************************
2015-04-20 03:34:41,474 - Starting Apache Velocity v1.7 (compiled: 2010-11-19 12:14:37)
2015-04-20 03:34:41,474 - RuntimeInstance initializing.
2015-04-20 03:34:41,474 - Default Properties File: org/apache/velocity/runtime/defaults/velocity.properties
2015-04-20 03:34:41,474 - Trying to use logger class org.dbflute.friends.velocity.DfFlutistLog4JLogSystem
2015-04-20 03:34:41,474 - Using logger class org.dbflute.friends.velocity.DfFlutistLog4JLogSystem
2015-04-20 03:34:41,477 - Default ResourceManager initializing. (class org.apache.velocity.runtime.resource.ResourceManagerImpl)
2015-04-20 03:34:41,480 - ResourceLoader instantiated: org.apache.velocity.runtime.resource.loader.FileResourceLoader
2015-04-20 03:34:41,482 - FileResourceLoader : initialization starting.
2015-04-20 03:34:41,482 - Do unicode file recognition:  false
2015-04-20 03:34:41,482 - FileResourceLoader : adding path '/home/syaku/workspace/spring_boot_sample/mydbflute/dbflute-1.1.0-sp2/templates'
2015-04-20 03:34:41,482 - FileResourceLoader : initialization complete.
2015-04-20 03:34:41,501 - ResourceCache: initialized (class org.apache.velocity.runtime.resource.ResourceCacheImpl) with class java.util.Collections$SynchronizedMap cache map.
2015-04-20 03:34:41,501 - Default ResourceManager initialization complete.
2015-04-20 03:34:41,503 - Loaded System Directive: org.apache.velocity.runtime.directive.Stop
2015-04-20 03:34:41,504 - Loaded System Directive: org.apache.velocity.runtime.directive.Define
2015-04-20 03:34:41,505 - Loaded System Directive: org.apache.velocity.runtime.directive.Break
2015-04-20 03:34:41,506 - Loaded System Directive: org.apache.velocity.runtime.directive.Evaluate
2015-04-20 03:34:41,507 - Loaded System Directive: org.apache.velocity.runtime.directive.Literal
2015-04-20 03:34:41,508 - Loaded System Directive: org.apache.velocity.runtime.directive.Macro
2015-04-20 03:34:41,510 - Loaded System Directive: org.apache.velocity.runtime.directive.Parse
2015-04-20 03:34:41,511 - Loaded System Directive: org.apache.velocity.runtime.directive.Include
2015-04-20 03:34:41,512 - Loaded System Directive: org.apache.velocity.runtime.directive.Foreach
2015-04-20 03:34:41,544 - Created '20' parsers.
2015-04-20 03:34:41,550 - Velocimacro : initialization starting.
2015-04-20 03:34:41,551 - Velocimacro : "velocimacro.library" is not set.  Trying default library: VM_global_library.vm
2015-04-20 03:34:41,551 - Velocimacro : Default library not found.
2015-04-20 03:34:41,551 - Velocimacro : allowInline = true : VMs can be defined inline in templates
2015-04-20 03:34:41,551 - Velocimacro : allowInlineToOverride = false : VMs defined inline may NOT replace previous VM definitions
2015-04-20 03:34:41,551 - Velocimacro : allowInlineLocal = false : VMs defined inline will be global in scope if allowed.
2015-04-20 03:34:41,551 - Velocimacro : autoload off : VM system will not automatically reload global library macros
2015-04-20 03:34:41,551 - Velocimacro : Velocimacro : initialization complete.
2015-04-20 03:34:41,551 - RuntimeInstance successfully initialized.
2015-04-20 03:34:41,691 - ResourceManager : found doc/ControlDocument.vm with loader org.apache.velocity.runtime.resource.loader.FileResourceLoader
2015-04-20 03:34:41,822 - ResourceManager : found doc/html/datamodel.vm with loader org.apache.velocity.runtime.resource.loader.FileResourceLoader
2015-04-20 03:34:41,888 - ResourceManager : found doc/html/table.vm with loader org.apache.velocity.runtime.resource.loader.FileResourceLoader
2015-04-20 03:34:44,881 - 
2015-04-20 03:34:44,894 - DfFlutistLog4JLogSystem initialized using logfile './log/velocity.log'
2015-04-20 03:34:44,894 - Initializing Velocity, Calling init()...
2015-04-20 03:34:44,894 - *******************************************************************
2015-04-20 03:34:44,894 - Starting Apache Velocity v1.7 (compiled: 2010-11-19 12:14:37)
2015-04-20 03:34:44,894 - RuntimeInstance initializing.
2015-04-20 03:34:44,894 - Default Properties File: org/apache/velocity/runtime/defaults/velocity.properties
2015-04-20 03:34:44,894 - Trying to use logger class org.dbflute.friends.velocity.DfFlutistLog4JLogSystem
2015-04-20 03:34:44,894 - Using logger class org.dbflute.friends.velocity.DfFlutistLog4JLogSystem
2015-04-20 03:34:44,897 - Default ResourceManager initializing. (class org.apache.velocity.runtime.resource.ResourceManagerImpl)
2015-04-20 03:34:44,902 - ResourceLoader instantiated: org.apache.velocity.runtime.resource.loader.FileResourceLoader
2015-04-20 03:34:44,903 - FileResourceLoader : initialization starting.
2015-04-20 03:34:44,903 - Do unicode file recognition:  false
2015-04-20 03:34:44,903 - FileResourceLoader : adding path '/home/syaku/workspace/spring_boot_sample/mydbflute/dbflute-1.1.0-sp2/templates'
2015-04-20 03:34:44,903 - FileResourceLoader : initialization complete.
2015-04-20 03:34:44,917 - ResourceCache: initialized (class org.apache.velocity.runtime.resource.ResourceCacheImpl) with class java.util.Collections$SynchronizedMap cache map.
2015-04-20 03:34:44,917 - Default ResourceManager initialization complete.
2015-04-20 03:34:44,918 - Loaded System Directive: org.apache.velocity.runtime.directive.Stop
2015-04-20 03:34:44,919 - Loaded System Directive: org.apache.velocity.runtime.directive.Define
2015-04-20 03:34:44,920 - Loaded System Directive: org.apache.velocity.runtime.directive.Break
2015-04-20 03:34:44,921 - Loaded System Directive: org.apache.velocity.runtime.directive.Evaluate
2015-04-20 03:34:44,923 - Loaded System Directive: org.apache.velocity.runtime.directive.Literal
2015-04-20 03:34:44,924 - Loaded System Directive: org.apache.velocity.runtime.directive.Macro
2015-04-20 03:34:44,925 - Loaded System Directive: org.apache.velocity.runtime.directive.Parse
2015-04-20 03:34:44,927 - Loaded System Directive: org.apache.velocity.runtime.directive.Include
2015-04-20 03:34:44,928 - Loaded System Directive: org.apache.velocity.runtime.directive.Foreach
2015-04-20 03:34:44,961 - Created '20' parsers.
2015-04-20 03:34:44,967 - Velocimacro : initialization starting.
2015-04-20 03:34:44,967 - Velocimacro : "velocimacro.library" is not set.  Trying default library: VM_global_library.vm
2015-04-20 03:34:44,967 - Velocimacro : Default library not found.
2015-04-20 03:34:44,967 - Velocimacro : allowInline = true : VMs can be defined inline in templates
2015-04-20 03:34:44,967 - Velocimacro : allowInlineToOverride = false : VMs defined inline may NOT replace previous VM definitions
2015-04-20 03:34:44,967 - Velocimacro : allowInlineLocal = false : VMs defined inline will be global in scope if allowed.
2015-04-20 03:34:44,967 - Velocimacro : autoload off : VM system will not automatically reload global library macros
2015-04-20 03:34:44,967 - Velocimacro : Velocimacro : initialization complete.
2015-04-20 03:34:44,967 - RuntimeInstance successfully initialized.
2015-04-20 03:34:45,199 - ResourceManager : found om/ControlGenerateJava.vm with loader org.apache.velocity.runtime.resource.loader.FileResourceLoader
2015-04-20 03:34:45,569 - ResourceManager : found om/java/allcommon/DBCurrent.vm with loader org.apache.velocity.runtime.resource.loader.FileResourceLoader
2015-04-20 03:34:45,590 - ResourceManager : found om/java/allcommon/DBFluteConfig.vm with loader org.apache.velocity.runtime.resource.loader.FileResourceLoader
2015-04-20 03:34:45,604 - Null reference [template 'om/java/allcommon/DBFluteConfig.vm', line 1124, column 59] : $PoolGuardConnectionWrapper cannot be resolved.
2015-04-20 03:34:45,609 - ResourceManager : found om/java/allcommon/DBFluteInitializer.vm with loader org.apache.velocity.runtime.resource.loader.FileResourceLoader
2015-04-20 03:34:45,613 - ResourceManager : found om/java/allcommon/DBMetaInstanceHandler.vm with loader org.apache.velocity.runtime.resource.loader.FileResourceLoader
2015-04-20 03:34:45,649 - ResourceManager : found om/java/allcommon/EntityDefinedCommonColumn.vm with loader org.apache.velocity.runtime.resource.loader.FileResourceLoader
2015-04-20 03:34:45,658 - ResourceManager : found om/java/allcommon/ImplementedBehaviorSelector.vm with loader org.apache.velocity.runtime.resource.loader.FileResourceLoader
2015-04-20 03:34:45,662 - ResourceManager : found om/java/allcommon/ImplementedCommonColumnAutoSetupper.vm with loader org.apache.velocity.runtime.resource.loader.FileResourceLoader
2015-04-20 03:34:45,667 - ResourceManager : found om/java/allcommon/ImplementedInvokerAssistant.vm with loader org.apache.velocity.runtime.resource.loader.FileResourceLoader
2015-04-20 03:34:45,671 - ResourceManager : found om/java/allcommon/ImplementedSqlClauseCreator.vm with loader org.apache.velocity.runtime.resource.loader.FileResourceLoader
2015-04-20 03:34:45,700 - ResourceManager : found om/java/allcommon/container/spring/SpringDBFluteBeansJavaConfig.vm with loader org.apache.velocity.runtime.resource.loader.FileResourceLoader
2015-04-20 03:34:45,757 - Null reference [template 'om/ControlGenerateJava.vm', line 292, column 38] : ${glPackageExtendedDao} cannot be resolved.
2015-04-20 03:34:45,758 - Null reference [template 'om/ControlGenerateJava.vm', line 295, column 34] : ${glPackageBaseDao} cannot be resolved.
2015-04-20 03:34:45,807 - ResourceManager : found om/java/bsbhv/BaseBhv.vm with loader org.apache.velocity.runtime.resource.loader.FileResourceLoader
2015-04-20 03:34:45,845 - ResourceManager : found om/java/bsbhv/ReferrerLoader.vm with loader org.apache.velocity.runtime.resource.loader.FileResourceLoader
2015-04-20 03:34:45,859 - ResourceManager : found om/java/bsentity/BaseEntity.vm with loader org.apache.velocity.runtime.resource.loader.FileResourceLoader
2015-04-20 03:34:45,875 - ResourceManager : found om/java/bsentity/dbmeta/DBMetaImpl.vm with loader org.apache.velocity.runtime.resource.loader.FileResourceLoader
2015-04-20 03:34:45,888 - ResourceManager : found om/java/exbhv/ExtendedBhv.vm with loader org.apache.velocity.runtime.resource.loader.FileResourceLoader
2015-04-20 03:34:45,893 - ResourceManager : found om/java/exentity/ExtendedEntity.vm with loader org.apache.velocity.runtime.resource.loader.FileResourceLoader
2015-04-20 03:34:45,906 - ResourceManager : found om/java/cbean/BsConditionBean.vm with loader org.apache.velocity.runtime.resource.loader.FileResourceLoader
2015-04-20 03:34:45,935 - ResourceManager : found om/java/cbean/AbstractBsConditionQuery.vm with loader org.apache.velocity.runtime.resource.loader.FileResourceLoader
2015-04-20 03:34:45,939 - RHS of #set statement is null. Context will not be modified. om/java/cbean/AbstractBsConditionQuery.vm[line 70, column 1]
2015-04-20 03:34:45,960 - ResourceManager : found om/java/cbean/BsConditionInlineQuery.vm with loader org.apache.velocity.runtime.resource.loader.FileResourceLoader
2015-04-20 03:34:45,961 - RHS of #set statement is null. Context will not be modified. om/java/cbean/BsConditionInlineQuery.vm[line 84, column 1]
2015-04-20 03:34:45,997 - ResourceManager : found om/java/cbean/BsConditionQuery.vm with loader org.apache.velocity.runtime.resource.loader.FileResourceLoader
2015-04-20 03:34:45,999 - RHS of #set statement is null. Context will not be modified. om/java/cbean/BsConditionQuery.vm[line 104, column 1]
2015-04-20 03:34:46,001 - ResourceManager : found om/java/cbean/ExConditionBean.vm with loader org.apache.velocity.runtime.resource.loader.FileResourceLoader
2015-04-20 03:34:46,004 - ResourceManager : found om/java/cbean/ExConditionQuery.vm with loader org.apache.velocity.runtime.resource.loader.FileResourceLoader
2015-04-20 03:34:48,037 - 
2015-04-20 03:34:48,037 - DfFlutistLog4JLogSystem initialized using logfile './log/velocity.log'
2015-04-20 03:34:48,038 - Initializing Velocity, Calling init()...
2015-04-20 03:34:48,038 - *******************************************************************
2015-04-20 03:34:48,038 - Starting Apache Velocity v1.7 (compiled: 2010-11-19 12:14:37)
2015-04-20 03:34:48,038 - RuntimeInstance initializing.
2015-04-20 03:34:48,038 - Default Properties File: org/apache/velocity/runtime/defaults/velocity.properties
2015-04-20 03:34:48,038 - Trying to use logger class org.dbflute.friends.velocity.DfFlutistLog4JLogSystem
2015-04-20 03:34:48,038 - Using logger class org.dbflute.friends.velocity.DfFlutistLog4JLogSystem
2015-04-20 03:34:48,041 - Default ResourceManager initializing. (class org.apache.velocity.runtime.resource.ResourceManagerImpl)
2015-04-20 03:34:48,048 - ResourceLoader instantiated: org.apache.velocity.runtime.resource.loader.FileResourceLoader
2015-04-20 03:34:48,049 - FileResourceLoader : initialization starting.
2015-04-20 03:34:48,049 - Do unicode file recognition:  false
2015-04-20 03:34:48,049 - FileResourceLoader : adding path '/home/syaku/workspace/spring_boot_sample/mydbflute/dbflute-1.1.0-sp2/templates'
2015-04-20 03:34:48,049 - FileResourceLoader : initialization complete.
2015-04-20 03:34:48,066 - ResourceCache: initialized (class org.apache.velocity.runtime.resource.ResourceCacheImpl) with class java.util.Collections$SynchronizedMap cache map.
2015-04-20 03:34:48,066 - Default ResourceManager initialization complete.
2015-04-20 03:34:48,069 - Loaded System Directive: org.apache.velocity.runtime.directive.Stop
2015-04-20 03:34:48,071 - Loaded System Directive: org.apache.velocity.runtime.directive.Define
2015-04-20 03:34:48,072 - Loaded System Directive: org.apache.velocity.runtime.directive.Break
2015-04-20 03:34:48,073 - Loaded System Directive: org.apache.velocity.runtime.directive.Evaluate
2015-04-20 03:34:48,075 - Loaded System Directive: org.apache.velocity.runtime.directive.Literal
2015-04-20 03:34:48,077 - Loaded System Directive: org.apache.velocity.runtime.directive.Macro
2015-04-20 03:34:48,079 - Loaded System Directive: org.apache.velocity.runtime.directive.Parse
2015-04-20 03:34:48,081 - Loaded System Directive: org.apache.velocity.runtime.directive.Include
2015-04-20 03:34:48,083 - Loaded System Directive: org.apache.velocity.runtime.directive.Foreach
2015-04-20 03:34:48,127 - Created '20' parsers.
2015-04-20 03:34:48,136 - Velocimacro : initialization starting.
2015-04-20 03:34:48,136 - Velocimacro : "velocimacro.library" is not set.  Trying default library: VM_global_library.vm
2015-04-20 03:34:48,137 - Velocimacro : Default library not found.
2015-04-20 03:34:48,137 - Velocimacro : allowInline = true : VMs can be defined inline in templates
2015-04-20 03:34:48,137 - Velocimacro : allowInlineToOverride = false : VMs defined inline may NOT replace previous VM definitions
2015-04-20 03:34:48,137 - Velocimacro : allowInlineLocal = false : VMs defined inline will be global in scope if allowed.
2015-04-20 03:34:48,137 - Velocimacro : autoload off : VM system will not automatically reload global library macros
2015-04-20 03:34:48,137 - Velocimacro : Velocimacro : initialization complete.
2015-04-20 03:34:48,137 - RuntimeInstance successfully initialized.
2015-04-20 03:34:48,248 - ResourceManager : found om/ControlSql2EntityJava.vm with loader org.apache.velocity.runtime.resource.loader.FileResourceLoader
2015-04-20 03:41:25,365 - 
2015-04-20 03:41:25,377 - DfFlutistLog4JLogSystem initialized using logfile './log/velocity.log'
2015-04-20 03:41:25,377 - Initializing Velocity, Calling init()...
2015-04-20 03:41:25,377 - *******************************************************************
2015-04-20 03:41:25,377 - Starting Apache Velocity v1.7 (compiled: 2010-11-19 12:14:37)
2015-04-20 03:41:25,377 - RuntimeInstance initializing.
2015-04-20 03:41:25,377 - Default Properties File: org/apache/velocity/runtime/defaults/velocity.properties
2015-04-20 03:41:25,377 - Trying to use logger class org.dbflute.friends.velocity.DfFlutistLog4JLogSystem
2015-04-20 03:41:25,378 - Using logger class org.dbflute.friends.velocity.DfFlutistLog4JLogSystem
2015-04-20 03:41:25,382 - Default ResourceManager initializing. (class org.apache.velocity.runtime.resource.ResourceManagerImpl)
2015-04-20 03:41:25,387 - ResourceLoader instantiated: org.apache.velocity.runtime.resource.loader.FileResourceLoader
2015-04-20 03:41:25,389 - FileResourceLoader : initialization starting.
2015-04-20 03:41:25,389 - Do unicode file recognition:  false
2015-04-20 03:41:25,389 - FileResourceLoader : adding path '/home/syaku/workspace/spring_boot_sample/mydbflute/dbflute-1.1.0-sp2/templates'
2015-04-20 03:41:25,389 - FileResourceLoader : initialization complete.
2015-04-20 03:41:25,431 - ResourceCache: initialized (class org.apache.velocity.runtime.resource.ResourceCacheImpl) with class java.util.Collections$SynchronizedMap cache map.
2015-04-20 03:41:25,431 - Default ResourceManager initialization complete.
2015-04-20 03:41:25,433 - Loaded System Directive: org.apache.velocity.runtime.directive.Stop
2015-04-20 03:41:25,434 - Loaded System Directive: org.apache.velocity.runtime.directive.Define
2015-04-20 03:41:25,435 - Loaded System Directive: org.apache.velocity.runtime.directive.Break
2015-04-20 03:41:25,436 - Loaded System Directive: org.apache.velocity.runtime.directive.Evaluate
2015-04-20 03:41:25,436 - Loaded System Directive: org.apache.velocity.runtime.directive.Literal
2015-04-20 03:41:25,438 - Loaded System Directive: org.apache.velocity.runtime.directive.Macro
2015-04-20 03:41:25,439 - Loaded System Directive: org.apache.velocity.runtime.directive.Parse
2015-04-20 03:41:25,440 - Loaded System Directive: org.apache.velocity.runtime.directive.Include
2015-04-20 03:41:25,442 - Loaded System Directive: org.apache.velocity.runtime.directive.Foreach
2015-04-20 03:41:25,474 - Created '20' parsers.
2015-04-20 03:41:25,482 - Velocimacro : initialization starting.
2015-04-20 03:41:25,482 - Velocimacro : "velocimacro.library" is not set.  Trying default library: VM_global_library.vm
2015-04-20 03:41:25,482 - Velocimacro : Default library not found.
2015-04-20 03:41:25,482 - Velocimacro : allowInline = true : VMs can be defined inline in templates
2015-04-20 03:41:25,482 - Velocimacro : allowInlineToOverride = false : VMs defined inline may NOT replace previous VM definitions
2015-04-20 03:41:25,482 - Velocimacro : allowInlineLocal = false : VMs defined inline will be global in scope if allowed.
2015-04-20 03:41:25,482 - Velocimacro : autoload off : VM system will not automatically reload global library macros
2015-04-20 03:41:25,482 - Velocimacro : Velocimacro : initialization complete.
2015-04-20 03:41:25,483 - RuntimeInstance successfully initialized.
2015-04-20 03:41:25,584 - ResourceManager : found doc/ControlDocument.vm with loader org.apache.velocity.runtime.resource.loader.FileResourceLoader
2015-04-20 03:41:25,701 - ResourceManager : found doc/html/datamodel.vm with loader org.apache.velocity.runtime.resource.loader.FileResourceLoader
2015-04-20 03:41:25,827 - ResourceManager : found doc/html/table.vm with loader org.apache.velocity.runtime.resource.loader.FileResourceLoader
2015-04-20 03:41:28,454 - 
2015-04-20 03:41:28,465 - DfFlutistLog4JLogSystem initialized using logfile './log/velocity.log'
2015-04-20 03:41:28,465 - Initializing Velocity, Calling init()...
2015-04-20 03:41:28,465 - *******************************************************************
2015-04-20 03:41:28,465 - Starting Apache Velocity v1.7 (compiled: 2010-11-19 12:14:37)
2015-04-20 03:41:28,465 - RuntimeInstance initializing.
2015-04-20 03:41:28,466 - Default Properties File: org/apache/velocity/runtime/defaults/velocity.properties
2015-04-20 03:41:28,466 - Trying to use logger class org.dbflute.friends.velocity.DfFlutistLog4JLogSystem
2015-04-20 03:41:28,466 - Using logger class org.dbflute.friends.velocity.DfFlutistLog4JLogSystem
2015-04-20 03:41:28,468 - Default ResourceManager initializing. (class org.apache.velocity.runtime.resource.ResourceManagerImpl)
2015-04-20 03:41:28,471 - ResourceLoader instantiated: org.apache.velocity.runtime.resource.loader.FileResourceLoader
2015-04-20 03:41:28,472 - FileResourceLoader : initialization starting.
2015-04-20 03:41:28,472 - Do unicode file recognition:  false
2015-04-20 03:41:28,472 - FileResourceLoader : adding path '/home/syaku/workspace/spring_boot_sample/mydbflute/dbflute-1.1.0-sp2/templates'
2015-04-20 03:41:28,472 - FileResourceLoader : initialization complete.
2015-04-20 03:41:28,485 - ResourceCache: initialized (class org.apache.velocity.runtime.resource.ResourceCacheImpl) with class java.util.Collections$SynchronizedMap cache map.
2015-04-20 03:41:28,485 - Default ResourceManager initialization complete.
2015-04-20 03:41:28,486 - Loaded System Directive: org.apache.velocity.runtime.directive.Stop
2015-04-20 03:41:28,487 - Loaded System Directive: org.apache.velocity.runtime.directive.Define
2015-04-20 03:41:28,488 - Loaded System Directive: org.apache.velocity.runtime.directive.Break
2015-04-20 03:41:28,489 - Loaded System Directive: org.apache.velocity.runtime.directive.Evaluate
2015-04-20 03:41:28,489 - Loaded System Directive: org.apache.velocity.runtime.directive.Literal
2015-04-20 03:41:28,492 - Loaded System Directive: org.apache.velocity.runtime.directive.Macro
2015-04-20 03:41:28,494 - Loaded System Directive: org.apache.velocity.runtime.directive.Parse
2015-04-20 03:41:28,495 - Loaded System Directive: org.apache.velocity.runtime.directive.Include
2015-04-20 03:41:28,496 - Loaded System Directive: org.apache.velocity.runtime.directive.Foreach
2015-04-20 03:41:28,769 - Created '20' parsers.
2015-04-20 03:41:28,781 - Velocimacro : initialization starting.
2015-04-20 03:41:28,781 - Velocimacro : "velocimacro.library" is not set.  Trying default library: VM_global_library.vm
2015-04-20 03:41:28,783 - Velocimacro : Default library not found.
2015-04-20 03:41:28,783 - Velocimacro : allowInline = true : VMs can be defined inline in templates
2015-04-20 03:41:28,783 - Velocimacro : allowInlineToOverride = false : VMs defined inline may NOT replace previous VM definitions
2015-04-20 03:41:28,783 - Velocimacro : allowInlineLocal = false : VMs defined inline will be global in scope if allowed.
2015-04-20 03:41:28,783 - Velocimacro : autoload off : VM system will not automatically reload global library macros
2015-04-20 03:41:28,783 - Velocimacro : Velocimacro : initialization complete.
2015-04-20 03:41:28,785 - RuntimeInstance successfully initialized.
2015-04-20 03:41:29,019 - ResourceManager : found om/ControlGenerateJava.vm with loader org.apache.velocity.runtime.resource.loader.FileResourceLoader
2015-04-20 03:41:29,136 - ResourceManager : found om/java/allcommon/DBCurrent.vm with loader org.apache.velocity.runtime.resource.loader.FileResourceLoader
2015-04-20 03:41:29,157 - ResourceManager : found om/java/allcommon/DBFluteConfig.vm with loader org.apache.velocity.runtime.resource.loader.FileResourceLoader
2015-04-20 03:41:29,175 - Null reference [template 'om/java/allcommon/DBFluteConfig.vm', line 1124, column 59] : $PoolGuardConnectionWrapper cannot be resolved.
2015-04-20 03:41:29,183 - ResourceManager : found om/java/allcommon/DBFluteInitializer.vm with loader org.apache.velocity.runtime.resource.loader.FileResourceLoader
2015-04-20 03:41:29,197 - ResourceManager : found om/java/allcommon/DBMetaInstanceHandler.vm with loader org.apache.velocity.runtime.resource.loader.FileResourceLoader
2015-04-20 03:41:29,231 - ResourceManager : found om/java/allcommon/EntityDefinedCommonColumn.vm with loader org.apache.velocity.runtime.resource.loader.FileResourceLoader
2015-04-20 03:41:29,249 - ResourceManager : found om/java/allcommon/ImplementedBehaviorSelector.vm with loader org.apache.velocity.runtime.resource.loader.FileResourceLoader
2015-04-20 03:41:29,259 - ResourceManager : found om/java/allcommon/ImplementedCommonColumnAutoSetupper.vm with loader org.apache.velocity.runtime.resource.loader.FileResourceLoader
2015-04-20 03:41:29,270 - ResourceManager : found om/java/allcommon/ImplementedInvokerAssistant.vm with loader org.apache.velocity.runtime.resource.loader.FileResourceLoader
2015-04-20 03:41:29,277 - ResourceManager : found om/java/allcommon/ImplementedSqlClauseCreator.vm with loader org.apache.velocity.runtime.resource.loader.FileResourceLoader
2015-04-20 03:41:29,295 - ResourceManager : found om/java/allcommon/container/spring/SpringDBFluteBeansJavaConfig.vm with loader org.apache.velocity.runtime.resource.loader.FileResourceLoader
2015-04-20 03:41:29,358 - Null reference [template 'om/ControlGenerateJava.vm', line 292, column 38] : ${glPackageExtendedDao} cannot be resolved.
2015-04-20 03:41:29,358 - Null reference [template 'om/ControlGenerateJava.vm', line 295, column 34] : ${glPackageBaseDao} cannot be resolved.
2015-04-20 03:41:29,408 - ResourceManager : found om/java/bsbhv/BaseBhv.vm with loader org.apache.velocity.runtime.resource.loader.FileResourceLoader
2015-04-20 03:41:29,485 - ResourceManager : found om/java/bsbhv/ReferrerLoader.vm with loader org.apache.velocity.runtime.resource.loader.FileResourceLoader
2015-04-20 03:41:29,511 - ResourceManager : found om/java/bsentity/BaseEntity.vm with loader org.apache.velocity.runtime.resource.loader.FileResourceLoader
2015-04-20 03:41:29,542 - ResourceManager : found om/java/bsentity/dbmeta/DBMetaImpl.vm with loader org.apache.velocity.runtime.resource.loader.FileResourceLoader
2015-04-20 03:41:29,589 - ResourceManager : found om/java/cbean/BsConditionBean.vm with loader org.apache.velocity.runtime.resource.loader.FileResourceLoader
2015-04-20 03:41:29,664 - ResourceManager : found om/java/cbean/AbstractBsConditionQuery.vm with loader org.apache.velocity.runtime.resource.loader.FileResourceLoader
2015-04-20 03:41:29,667 - RHS of #set statement is null. Context will not be modified. om/java/cbean/AbstractBsConditionQuery.vm[line 70, column 1]
2015-04-20 03:41:29,690 - ResourceManager : found om/java/cbean/BsConditionInlineQuery.vm with loader org.apache.velocity.runtime.resource.loader.FileResourceLoader
2015-04-20 03:41:29,691 - RHS of #set statement is null. Context will not be modified. om/java/cbean/BsConditionInlineQuery.vm[line 84, column 1]
2015-04-20 03:41:29,712 - ResourceManager : found om/java/cbean/BsConditionQuery.vm with loader org.apache.velocity.runtime.resource.loader.FileResourceLoader
2015-04-20 03:41:29,713 - RHS of #set statement is null. Context will not be modified. om/java/cbean/BsConditionQuery.vm[line 104, column 1]
2015-04-20 03:41:31,515 - 
2015-04-20 03:41:31,516 - DfFlutistLog4JLogSystem initialized using logfile './log/velocity.log'
2015-04-20 03:41:31,516 - Initializing Velocity, Calling init()...
2015-04-20 03:41:31,516 - *******************************************************************
2015-04-20 03:41:31,516 - Starting Apache Velocity v1.7 (compiled: 2010-11-19 12:14:37)
2015-04-20 03:41:31,516 - RuntimeInstance initializing.
2015-04-20 03:41:31,516 - Default Properties File: org/apache/velocity/runtime/defaults/velocity.properties
2015-04-20 03:41:31,516 - Trying to use logger class org.dbflute.friends.velocity.DfFlutistLog4JLogSystem
2015-04-20 03:41:31,516 - Using logger class org.dbflute.friends.velocity.DfFlutistLog4JLogSystem
2015-04-20 03:41:31,518 - Default ResourceManager initializing. (class org.apache.velocity.runtime.resource.ResourceManagerImpl)
2015-04-20 03:41:31,523 - ResourceLoader instantiated: org.apache.velocity.runtime.resource.loader.FileResourceLoader
2015-04-20 03:41:31,524 - FileResourceLoader : initialization starting.
2015-04-20 03:41:31,525 - Do unicode file recognition:  false
2015-04-20 03:41:31,525 - FileResourceLoader : adding path '/home/syaku/workspace/spring_boot_sample/mydbflute/dbflute-1.1.0-sp2/templates'
2015-04-20 03:41:31,525 - FileResourceLoader : initialization complete.
2015-04-20 03:41:31,535 - ResourceCache: initialized (class org.apache.velocity.runtime.resource.ResourceCacheImpl) with class java.util.Collections$SynchronizedMap cache map.
2015-04-20 03:41:31,535 - Default ResourceManager initialization complete.
2015-04-20 03:41:31,536 - Loaded System Directive: org.apache.velocity.runtime.directive.Stop
2015-04-20 03:41:31,537 - Loaded System Directive: org.apache.velocity.runtime.directive.Define
2015-04-20 03:41:31,538 - Loaded System Directive: org.apache.velocity.runtime.directive.Break
2015-04-20 03:41:31,539 - Loaded System Directive: org.apache.velocity.runtime.directive.Evaluate
2015-04-20 03:41:31,539 - Loaded System Directive: org.apache.velocity.runtime.directive.Literal
2015-04-20 03:41:31,540 - Loaded System Directive: org.apache.velocity.runtime.directive.Macro
2015-04-20 03:41:31,542 - Loaded System Directive: org.apache.velocity.runtime.directive.Parse
2015-04-20 03:41:31,543 - Loaded System Directive: org.apache.velocity.runtime.directive.Include
2015-04-20 03:41:31,544 - Loaded System Directive: org.apache.velocity.runtime.directive.Foreach
2015-04-20 03:41:31,573 - Created '20' parsers.
2015-04-20 03:41:31,580 - Velocimacro : initialization starting.
2015-04-20 03:41:31,580 - Velocimacro : "velocimacro.library" is not set.  Trying default library: VM_global_library.vm
2015-04-20 03:41:31,580 - Velocimacro : Default library not found.
2015-04-20 03:41:31,580 - Velocimacro : allowInline = true : VMs can be defined inline in templates
2015-04-20 03:41:31,580 - Velocimacro : allowInlineToOverride = false : VMs defined inline may NOT replace previous VM definitions
2015-04-20 03:41:31,580 - Velocimacro : allowInlineLocal = false : VMs defined inline will be global in scope if allowed.
2015-04-20 03:41:31,580 - Velocimacro : autoload off : VM system will not automatically reload global library macros
2015-04-20 03:41:31,580 - Velocimacro : Velocimacro : initialization complete.
2015-04-20 03:41:31,580 - RuntimeInstance successfully initialized.
2015-04-20 03:41:31,680 - ResourceManager : found om/ControlSql2EntityJava.vm with loader org.apache.velocity.runtime.resource.loader.FileResourceLoader
2015-04-20 03:48:55,307 - 
2015-04-20 03:48:55,322 - DfFlutistLog4JLogSystem initialized using logfile './log/velocity.log'
2015-04-20 03:48:55,322 - Initializing Velocity, Calling init()...
2015-04-20 03:48:55,322 - *******************************************************************
2015-04-20 03:48:55,322 - Starting Apache Velocity v1.7 (compiled: 2010-11-19 12:14:37)
2015-04-20 03:48:55,322 - RuntimeInstance initializing.
2015-04-20 03:48:55,322 - Default Properties File: org/apache/velocity/runtime/defaults/velocity.properties
2015-04-20 03:48:55,322 - Trying to use logger class org.dbflute.friends.velocity.DfFlutistLog4JLogSystem
2015-04-20 03:48:55,322 - Using logger class org.dbflute.friends.velocity.DfFlutistLog4JLogSystem
2015-04-20 03:48:55,325 - Default ResourceManager initializing. (class org.apache.velocity.runtime.resource.ResourceManagerImpl)
2015-04-20 03:48:55,329 - ResourceLoader instantiated: org.apache.velocity.runtime.resource.loader.FileResourceLoader
2015-04-20 03:48:55,333 - FileResourceLoader : initialization starting.
2015-04-20 03:48:55,333 - Do unicode file recognition:  false
2015-04-20 03:48:55,333 - FileResourceLoader : adding path '/home/syaku/workspace/spring_boot_sample/mydbflute/dbflute-1.1.0-sp2/templates'
2015-04-20 03:48:55,333 - FileResourceLoader : initialization complete.
2015-04-20 03:48:55,349 - ResourceCache: initialized (class org.apache.velocity.runtime.resource.ResourceCacheImpl) with class java.util.Collections$SynchronizedMap cache map.
2015-04-20 03:48:55,349 - Default ResourceManager initialization complete.
2015-04-20 03:48:55,350 - Loaded System Directive: org.apache.velocity.runtime.directive.Stop
2015-04-20 03:48:55,352 - Loaded System Directive: org.apache.velocity.runtime.directive.Define
2015-04-20 03:48:55,352 - Loaded System Directive: org.apache.velocity.runtime.directive.Break
2015-04-20 03:48:55,353 - Loaded System Directive: org.apache.velocity.runtime.directive.Evaluate
2015-04-20 03:48:55,355 - Loaded System Directive: org.apache.velocity.runtime.directive.Literal
2015-04-20 03:48:55,357 - Loaded System Directive: org.apache.velocity.runtime.directive.Macro
2015-04-20 03:48:55,358 - Loaded System Directive: org.apache.velocity.runtime.directive.Parse
2015-04-20 03:48:55,360 - Loaded System Directive: org.apache.velocity.runtime.directive.Include
2015-04-20 03:48:55,361 - Loaded System Directive: org.apache.velocity.runtime.directive.Foreach
2015-04-20 03:48:55,393 - Created '20' parsers.
2015-04-20 03:48:55,400 - Velocimacro : initialization starting.
2015-04-20 03:48:55,401 - Velocimacro : "velocimacro.library" is not set.  Trying default library: VM_global_library.vm
2015-04-20 03:48:55,401 - Velocimacro : Default library not found.
2015-04-20 03:48:55,402 - Velocimacro : allowInline = true : VMs can be defined inline in templates
2015-04-20 03:48:55,402 - Velocimacro : allowInlineToOverride = false : VMs defined inline may NOT replace previous VM definitions
2015-04-20 03:48:55,402 - Velocimacro : allowInlineLocal = false : VMs defined inline will be global in scope if allowed.
2015-04-20 03:48:55,402 - Velocimacro : autoload off : VM system will not automatically reload global library macros
2015-04-20 03:48:55,402 - Velocimacro : Velocimacro : initialization complete.
2015-04-20 03:48:55,402 - RuntimeInstance successfully initialized.
2015-04-20 03:48:55,530 - ResourceManager : found doc/ControlDocument.vm with loader org.apache.velocity.runtime.resource.loader.FileResourceLoader
2015-04-20 03:48:55,713 - ResourceManager : found doc/html/datamodel.vm with loader org.apache.velocity.runtime.resource.loader.FileResourceLoader
2015-04-20 03:48:55,758 - ResourceManager : found doc/html/table.vm with loader org.apache.velocity.runtime.resource.loader.FileResourceLoader
2015-04-20 03:48:55,798 - ResourceManager : found doc/html/diffmodel.vm with loader org.apache.velocity.runtime.resource.loader.FileResourceLoader
2015-04-20 03:48:58,406 - 
2015-04-20 03:48:58,477 - DfFlutistLog4JLogSystem initialized using logfile './log/velocity.log'
2015-04-20 03:48:58,477 - Initializing Velocity, Calling init()...
2015-04-20 03:48:58,477 - *******************************************************************
2015-04-20 03:48:58,477 - Starting Apache Velocity v1.7 (compiled: 2010-11-19 12:14:37)
2015-04-20 03:48:58,477 - RuntimeInstance initializing.
2015-04-20 03:48:58,477 - Default Properties File: org/apache/velocity/runtime/defaults/velocity.properties
2015-04-20 03:48:58,477 - Trying to use logger class org.dbflute.friends.velocity.DfFlutistLog4JLogSystem
2015-04-20 03:48:58,477 - Using logger class org.dbflute.friends.velocity.DfFlutistLog4JLogSystem
2015-04-20 03:48:58,482 - Default ResourceManager initializing. (class org.apache.velocity.runtime.resource.ResourceManagerImpl)
2015-04-20 03:48:58,486 - ResourceLoader instantiated: org.apache.velocity.runtime.resource.loader.FileResourceLoader
2015-04-20 03:48:58,487 - FileResourceLoader : initialization starting.
2015-04-20 03:48:58,487 - Do unicode file recognition:  false
2015-04-20 03:48:58,487 - FileResourceLoader : adding path '/home/syaku/workspace/spring_boot_sample/mydbflute/dbflute-1.1.0-sp2/templates'
2015-04-20 03:48:58,487 - FileResourceLoader : initialization complete.
2015-04-20 03:48:58,504 - ResourceCache: initialized (class org.apache.velocity.runtime.resource.ResourceCacheImpl) with class java.util.Collections$SynchronizedMap cache map.
2015-04-20 03:48:58,504 - Default ResourceManager initialization complete.
2015-04-20 03:48:58,506 - Loaded System Directive: org.apache.velocity.runtime.directive.Stop
2015-04-20 03:48:58,507 - Loaded System Directive: org.apache.velocity.runtime.directive.Define
2015-04-20 03:48:58,508 - Loaded System Directive: org.apache.velocity.runtime.directive.Break
2015-04-20 03:48:58,509 - Loaded System Directive: org.apache.velocity.runtime.directive.Evaluate
2015-04-20 03:48:58,510 - Loaded System Directive: org.apache.velocity.runtime.directive.Literal
2015-04-20 03:48:58,511 - Loaded System Directive: org.apache.velocity.runtime.directive.Macro
2015-04-20 03:48:58,513 - Loaded System Directive: org.apache.velocity.runtime.directive.Parse
2015-04-20 03:48:58,514 - Loaded System Directive: org.apache.velocity.runtime.directive.Include
2015-04-20 03:48:58,516 - Loaded System Directive: org.apache.velocity.runtime.directive.Foreach
2015-04-20 03:48:58,556 - Created '20' parsers.
2015-04-20 03:48:58,563 - Velocimacro : initialization starting.
2015-04-20 03:48:58,563 - Velocimacro : "velocimacro.library" is not set.  Trying default library: VM_global_library.vm
2015-04-20 03:48:58,564 - Velocimacro : Default library not found.
2015-04-20 03:48:58,564 - Velocimacro : allowInline = true : VMs can be defined inline in templates
2015-04-20 03:48:58,564 - Velocimacro : allowInlineToOverride = false : VMs defined inline may NOT replace previous VM definitions
2015-04-20 03:48:58,564 - Velocimacro : allowInlineLocal = false : VMs defined inline will be global in scope if allowed.
2015-04-20 03:48:58,564 - Velocimacro : autoload off : VM system will not automatically reload global library macros
2015-04-20 03:48:58,564 - Velocimacro : Velocimacro : initialization complete.
2015-04-20 03:48:58,564 - RuntimeInstance successfully initialized.
2015-04-20 03:48:58,820 - ResourceManager : found om/ControlGenerateJava.vm with loader org.apache.velocity.runtime.resource.loader.FileResourceLoader
2015-04-20 03:48:58,913 - ResourceManager : found om/java/allcommon/DBCurrent.vm with loader org.apache.velocity.runtime.resource.loader.FileResourceLoader
2015-04-20 03:48:58,940 - ResourceManager : found om/java/allcommon/DBFluteConfig.vm with loader org.apache.velocity.runtime.resource.loader.FileResourceLoader
2015-04-20 03:48:58,950 - Null reference [template 'om/java/allcommon/DBFluteConfig.vm', line 1124, column 59] : $PoolGuardConnectionWrapper cannot be resolved.
2015-04-20 03:48:58,965 - ResourceManager : found om/java/allcommon/DBFluteInitializer.vm with loader org.apache.velocity.runtime.resource.loader.FileResourceLoader
2015-04-20 03:48:58,978 - ResourceManager : found om/java/allcommon/DBMetaInstanceHandler.vm with loader org.apache.velocity.runtime.resource.loader.FileResourceLoader
2015-04-20 03:48:59,002 - ResourceManager : found om/java/allcommon/EntityDefinedCommonColumn.vm with loader org.apache.velocity.runtime.resource.loader.FileResourceLoader
2015-04-20 03:48:59,014 - ResourceManager : found om/java/allcommon/ImplementedBehaviorSelector.vm with loader org.apache.velocity.runtime.resource.loader.FileResourceLoader
2015-04-20 03:48:59,024 - ResourceManager : found om/java/allcommon/ImplementedCommonColumnAutoSetupper.vm with loader org.apache.velocity.runtime.resource.loader.FileResourceLoader
2015-04-20 03:48:59,034 - ResourceManager : found om/java/allcommon/ImplementedInvokerAssistant.vm with loader org.apache.velocity.runtime.resource.loader.FileResourceLoader
2015-04-20 03:48:59,039 - ResourceManager : found om/java/allcommon/ImplementedSqlClauseCreator.vm with loader org.apache.velocity.runtime.resource.loader.FileResourceLoader
2015-04-20 03:48:59,067 - ResourceManager : found om/java/allcommon/container/spring/SpringDBFluteBeansJavaConfig.vm with loader org.apache.velocity.runtime.resource.loader.FileResourceLoader
2015-04-20 03:48:59,115 - Null reference [template 'om/ControlGenerateJava.vm', line 292, column 38] : ${glPackageExtendedDao} cannot be resolved.
2015-04-20 03:48:59,115 - Null reference [template 'om/ControlGenerateJava.vm', line 295, column 34] : ${glPackageBaseDao} cannot be resolved.
2015-04-20 03:48:59,179 - ResourceManager : found om/java/bsbhv/BaseBhv.vm with loader org.apache.velocity.runtime.resource.loader.FileResourceLoader
2015-04-20 03:48:59,249 - ResourceManager : found om/java/bsbhv/ReferrerLoader.vm with loader org.apache.velocity.runtime.resource.loader.FileResourceLoader
2015-04-20 03:48:59,265 - ResourceManager : found om/java/bsentity/BaseEntity.vm with loader org.apache.velocity.runtime.resource.loader.FileResourceLoader
2015-04-20 03:48:59,313 - ResourceManager : found om/java/bsentity/dbmeta/DBMetaImpl.vm with loader org.apache.velocity.runtime.resource.loader.FileResourceLoader
2015-04-20 03:48:59,356 - ResourceManager : found om/java/cbean/BsConditionBean.vm with loader org.apache.velocity.runtime.resource.loader.FileResourceLoader
2015-04-20 03:48:59,407 - ResourceManager : found om/java/cbean/AbstractBsConditionQuery.vm with loader org.apache.velocity.runtime.resource.loader.FileResourceLoader
2015-04-20 03:48:59,411 - RHS of #set statement is null. Context will not be modified. om/java/cbean/AbstractBsConditionQuery.vm[line 70, column 1]
2015-04-20 03:48:59,417 - RHS of #set statement is null. Context will not be modified. om/java/cbean/AbstractBsConditionQuery.vm[line 70, column 1]
2015-04-20 03:48:59,423 - RHS of #set statement is null. Context will not be modified. om/java/cbean/AbstractBsConditionQuery.vm[line 70, column 1]
2015-04-20 03:48:59,432 - RHS of #set statement is null. Context will not be modified. om/java/cbean/AbstractBsConditionQuery.vm[line 70, column 1]
2015-04-20 03:48:59,436 - RHS of #set statement is null. Context will not be modified. om/java/cbean/AbstractBsConditionQuery.vm[line 70, column 1]
2015-04-20 03:48:59,439 - RHS of #set statement is null. Context will not be modified. om/java/cbean/AbstractBsConditionQuery.vm[line 70, column 1]
2015-04-20 03:48:59,453 - ResourceManager : found om/java/cbean/BsConditionInlineQuery.vm with loader org.apache.velocity.runtime.resource.loader.FileResourceLoader
2015-04-20 03:48:59,454 - RHS of #set statement is null. Context will not be modified. om/java/cbean/BsConditionInlineQuery.vm[line 84, column 1]
2015-04-20 03:48:59,456 - RHS of #set statement is null. Context will not be modified. om/java/cbean/BsConditionInlineQuery.vm[line 84, column 1]
2015-04-20 03:48:59,456 - RHS of #set statement is null. Context will not be modified. om/java/cbean/BsConditionInlineQuery.vm[line 84, column 1]
2015-04-20 03:48:59,456 - RHS of #set statement is null. Context will not be modified. om/java/cbean/BsConditionInlineQuery.vm[line 84, column 1]
2015-04-20 03:48:59,457 - RHS of #set statement is null. Context will not be modified. om/java/cbean/BsConditionInlineQuery.vm[line 84, column 1]
2015-04-20 03:48:59,458 - RHS of #set statement is null. Context will not be modified. om/java/cbean/BsConditionInlineQuery.vm[line 84, column 1]
2015-04-20 03:48:59,491 - ResourceManager : found om/java/cbean/BsConditionQuery.vm with loader org.apache.velocity.runtime.resource.loader.FileResourceLoader
2015-04-20 03:48:59,492 - RHS of #set statement is null. Context will not be modified. om/java/cbean/BsConditionQuery.vm[line 104, column 1]
2015-04-20 03:48:59,493 - RHS of #set statement is null. Context will not be modified. om/java/cbean/BsConditionQuery.vm[line 104, column 1]
2015-04-20 03:48:59,493 - RHS of #set statement is null. Context will not be modified. om/java/cbean/BsConditionQuery.vm[line 104, column 1]
2015-04-20 03:48:59,494 - RHS of #set statement is null. Context will not be modified. om/java/cbean/BsConditionQuery.vm[line 104, column 1]
2015-04-20 03:48:59,495 - RHS of #set statement is null. Context will not be modified. om/java/cbean/BsConditionQuery.vm[line 104, column 1]
2015-04-20 03:48:59,496 - RHS of #set statement is null. Context will not be modified. om/java/cbean/BsConditionQuery.vm[line 104, column 1]
2015-04-20 03:49:10,033 - 
2015-04-20 03:49:10,038 - DfFlutistLog4JLogSystem initialized using logfile './log/velocity.log'
2015-04-20 03:49:10,039 - Initializing Velocity, Calling init()...
2015-04-20 03:49:10,039 - *******************************************************************
2015-04-20 03:49:10,039 - Starting Apache Velocity v1.7 (compiled: 2010-11-19 12:14:37)
2015-04-20 03:49:10,039 - RuntimeInstance initializing.
2015-04-20 03:49:10,039 - Default Properties File: org/apache/velocity/runtime/defaults/velocity.properties
2015-04-20 03:49:10,039 - Trying to use logger class org.dbflute.friends.velocity.DfFlutistLog4JLogSystem
2015-04-20 03:49:10,039 - Using logger class org.dbflute.friends.velocity.DfFlutistLog4JLogSystem
2015-04-20 03:49:10,050 - Default ResourceManager initializing. (class org.apache.velocity.runtime.resource.ResourceManagerImpl)
2015-04-20 03:49:10,087 - ResourceLoader instantiated: org.apache.velocity.runtime.resource.loader.FileResourceLoader
2015-04-20 03:49:10,093 - FileResourceLoader : initialization starting.
2015-04-20 03:49:10,102 - Do unicode file recognition:  false
2015-04-20 03:49:10,102 - FileResourceLoader : adding path '/home/syaku/workspace/spring_boot_sample/mydbflute/dbflute-1.1.0-sp2/templates'
2015-04-20 03:49:10,102 - FileResourceLoader : initialization complete.
2015-04-20 03:49:10,181 - ResourceCache: initialized (class org.apache.velocity.runtime.resource.ResourceCacheImpl) with class java.util.Collections$SynchronizedMap cache map.
2015-04-20 03:49:10,183 - Default ResourceManager initialization complete.
2015-04-20 03:49:10,273 - Loaded System Directive: org.apache.velocity.runtime.directive.Stop
2015-04-20 03:49:10,288 - Loaded System Directive: org.apache.velocity.runtime.directive.Define
2015-04-20 03:49:10,290 - Loaded System Directive: org.apache.velocity.runtime.directive.Break
2015-04-20 03:49:10,292 - Loaded System Directive: org.apache.velocity.runtime.directive.Evaluate
2015-04-20 03:49:10,294 - Loaded System Directive: org.apache.velocity.runtime.directive.Literal
2015-04-20 03:49:10,297 - Loaded System Directive: org.apache.velocity.runtime.directive.Macro
2015-04-20 03:49:10,300 - Loaded System Directive: org.apache.velocity.runtime.directive.Parse
2015-04-20 03:49:10,307 - Loaded System Directive: org.apache.velocity.runtime.directive.Include
2015-04-20 03:49:10,309 - Loaded System Directive: org.apache.velocity.runtime.directive.Foreach
2015-04-20 03:49:10,566 - Created '20' parsers.
2015-04-20 03:49:10,653 - Velocimacro : initialization starting.
2015-04-20 03:49:10,653 - Velocimacro : "velocimacro.library" is not set.  Trying default library: VM_global_library.vm
2015-04-20 03:49:10,657 - Velocimacro : Default library not found.
2015-04-20 03:49:10,657 - Velocimacro : allowInline = true : VMs can be defined inline in templates
2015-04-20 03:49:10,657 - Velocimacro : allowInlineToOverride = false : VMs defined inline may NOT replace previous VM definitions
2015-04-20 03:49:10,657 - Velocimacro : allowInlineLocal = false : VMs defined inline will be global in scope if allowed.
2015-04-20 03:49:10,657 - Velocimacro : autoload off : VM system will not automatically reload global library macros
2015-04-20 03:49:10,657 - Velocimacro : Velocimacro : initialization complete.
2015-04-20 03:49:10,657 - RuntimeInstance successfully initialized.
2015-04-20 03:49:11,672 - ResourceManager : found om/ControlSql2EntityJava.vm with loader org.apache.velocity.runtime.resource.loader.FileResourceLoader
2015-04-20 05:40:22,422 - 
2015-04-20 05:40:22,440 - DfFlutistLog4JLogSystem initialized using logfile './log/velocity.log'
2015-04-20 05:40:22,441 - Initializing Velocity, Calling init()...
2015-04-20 05:40:22,441 - *******************************************************************
2015-04-20 05:40:22,441 - Starting Apache Velocity v1.7 (compiled: 2010-11-19 12:14:37)
2015-04-20 05:40:22,441 - RuntimeInstance initializing.
2015-04-20 05:40:22,441 - Default Properties File: org/apache/velocity/runtime/defaults/velocity.properties
2015-04-20 05:40:22,441 - Trying to use logger class org.dbflute.friends.velocity.DfFlutistLog4JLogSystem
2015-04-20 05:40:22,441 - Using logger class org.dbflute.friends.velocity.DfFlutistLog4JLogSystem
2015-04-20 05:40:22,443 - Default ResourceManager initializing. (class org.apache.velocity.runtime.resource.ResourceManagerImpl)
2015-04-20 05:40:22,447 - ResourceLoader instantiated: org.apache.velocity.runtime.resource.loader.FileResourceLoader
2015-04-20 05:40:22,449 - FileResourceLoader : initialization starting.
2015-04-20 05:40:22,449 - Do unicode file recognition:  false
2015-04-20 05:40:22,449 - FileResourceLoader : adding path '/home/syaku/workspace/spring_boot_sample/mydbflute/dbflute-1.1.0-sp2/templates'
2015-04-20 05:40:22,449 - FileResourceLoader : initialization complete.
2015-04-20 05:40:22,468 - ResourceCache: initialized (class org.apache.velocity.runtime.resource.ResourceCacheImpl) with class java.util.Collections$SynchronizedMap cache map.
2015-04-20 05:40:22,468 - Default ResourceManager initialization complete.
2015-04-20 05:40:22,470 - Loaded System Directive: org.apache.velocity.runtime.directive.Stop
2015-04-20 05:40:22,471 - Loaded System Directive: org.apache.velocity.runtime.directive.Define
2015-04-20 05:40:22,472 - Loaded System Directive: org.apache.velocity.runtime.directive.Break
2015-04-20 05:40:22,473 - Loaded System Directive: org.apache.velocity.runtime.directive.Evaluate
2015-04-20 05:40:22,474 - Loaded System Directive: org.apache.velocity.runtime.directive.Literal
2015-04-20 05:40:22,475 - Loaded System Directive: org.apache.velocity.runtime.directive.Macro
2015-04-20 05:40:22,476 - Loaded System Directive: org.apache.velocity.runtime.directive.Parse
2015-04-20 05:40:22,478 - Loaded System Directive: org.apache.velocity.runtime.directive.Include
2015-04-20 05:40:22,479 - Loaded System Directive: org.apache.velocity.runtime.directive.Foreach
2015-04-20 05:40:22,513 - Created '20' parsers.
2015-04-20 05:40:22,519 - Velocimacro : initialization starting.
2015-04-20 05:40:22,519 - Velocimacro : "velocimacro.library" is not set.  Trying default library: VM_global_library.vm
2015-04-20 05:40:22,520 - Velocimacro : Default library not found.
2015-04-20 05:40:22,520 - Velocimacro : allowInline = true : VMs can be defined inline in templates
2015-04-20 05:40:22,520 - Velocimacro : allowInlineToOverride = false : VMs defined inline may NOT replace previous VM definitions
2015-04-20 05:40:22,520 - Velocimacro : allowInlineLocal = false : VMs defined inline will be global in scope if allowed.
2015-04-20 05:40:22,520 - Velocimacro : autoload off : VM system will not automatically reload global library macros
2015-04-20 05:40:22,520 - Velocimacro : Velocimacro : initialization complete.
2015-04-20 05:40:22,520 - RuntimeInstance successfully initialized.
2015-04-20 05:40:22,644 - ResourceManager : found doc/ControlDocument.vm with loader org.apache.velocity.runtime.resource.loader.FileResourceLoader
2015-04-20 05:40:22,796 - ResourceManager : found doc/html/datamodel.vm with loader org.apache.velocity.runtime.resource.loader.FileResourceLoader
2015-04-20 05:40:22,846 - ResourceManager : found doc/html/table.vm with loader org.apache.velocity.runtime.resource.loader.FileResourceLoader
2015-04-20 05:40:22,878 - ResourceManager : found doc/html/table.vm with loader org.apache.velocity.runtime.resource.loader.FileResourceLoader
2015-04-20 05:40:22,894 - ResourceManager : found doc/html/diffmodel.vm with loader org.apache.velocity.runtime.resource.loader.FileResourceLoader
2015-04-20 05:40:25,493 - 
2015-04-20 05:40:25,507 - DfFlutistLog4JLogSystem initialized using logfile './log/velocity.log'
2015-04-20 05:40:25,507 - Initializing Velocity, Calling init()...
2015-04-20 05:40:25,507 - *******************************************************************
2015-04-20 05:40:25,507 - Starting Apache Velocity v1.7 (compiled: 2010-11-19 12:14:37)
2015-04-20 05:40:25,507 - RuntimeInstance initializing.
2015-04-20 05:40:25,507 - Default Properties File: org/apache/velocity/runtime/defaults/velocity.properties
2015-04-20 05:40:25,507 - Trying to use logger class org.dbflute.friends.velocity.DfFlutistLog4JLogSystem
2015-04-20 05:40:25,507 - Using logger class org.dbflute.friends.velocity.DfFlutistLog4JLogSystem
2015-04-20 05:40:25,510 - Default ResourceManager initializing. (class org.apache.velocity.runtime.resource.ResourceManagerImpl)
2015-04-20 05:40:25,528 - ResourceLoader instantiated: org.apache.velocity.runtime.resource.loader.FileResourceLoader
2015-04-20 05:40:25,530 - FileResourceLoader : initialization starting.
2015-04-20 05:40:25,530 - Do unicode file recognition:  false
2015-04-20 05:40:25,530 - FileResourceLoader : adding path '/home/syaku/workspace/spring_boot_sample/mydbflute/dbflute-1.1.0-sp2/templates'
2015-04-20 05:40:25,530 - FileResourceLoader : initialization complete.
2015-04-20 05:40:25,551 - ResourceCache: initialized (class org.apache.velocity.runtime.resource.ResourceCacheImpl) with class java.util.Collections$SynchronizedMap cache map.
2015-04-20 05:40:25,552 - Default ResourceManager initialization complete.
2015-04-20 05:40:25,553 - Loaded System Directive: org.apache.velocity.runtime.directive.Stop
2015-04-20 05:40:25,556 - Loaded System Directive: org.apache.velocity.runtime.directive.Define
2015-04-20 05:40:25,556 - Loaded System Directive: org.apache.velocity.runtime.directive.Break
2015-04-20 05:40:25,558 - Loaded System Directive: org.apache.velocity.runtime.directive.Evaluate
2015-04-20 05:40:25,558 - Loaded System Directive: org.apache.velocity.runtime.directive.Literal
2015-04-20 05:40:25,560 - Loaded System Directive: org.apache.velocity.runtime.directive.Macro
2015-04-20 05:40:25,561 - Loaded System Directive: org.apache.velocity.runtime.directive.Parse
2015-04-20 05:40:25,563 - Loaded System Directive: org.apache.velocity.runtime.directive.Include
2015-04-20 05:40:25,564 - Loaded System Directive: org.apache.velocity.runtime.directive.Foreach
2015-04-20 05:40:25,605 - Created '20' parsers.
2015-04-20 05:40:25,612 - Velocimacro : initialization starting.
2015-04-20 05:40:25,612 - Velocimacro : "velocimacro.library" is not set.  Trying default library: VM_global_library.vm
2015-04-20 05:40:25,613 - Velocimacro : Default library not found.
2015-04-20 05:40:25,613 - Velocimacro : allowInline = true : VMs can be defined inline in templates
2015-04-20 05:40:25,613 - Velocimacro : allowInlineToOverride = false : VMs defined inline may NOT replace previous VM definitions
2015-04-20 05:40:25,614 - Velocimacro : allowInlineLocal = false : VMs defined inline will be global in scope if allowed.
2015-04-20 05:40:25,614 - Velocimacro : autoload off : VM system will not automatically reload global library macros
2015-04-20 05:40:25,614 - Velocimacro : Velocimacro : initialization complete.
2015-04-20 05:40:25,614 - RuntimeInstance successfully initialized.
2015-04-20 05:40:26,029 - ResourceManager : found om/ControlGenerateJava.vm with loader org.apache.velocity.runtime.resource.loader.FileResourceLoader
2015-04-20 05:40:26,167 - ResourceManager : found om/java/allcommon/DBCurrent.vm with loader org.apache.velocity.runtime.resource.loader.FileResourceLoader
2015-04-20 05:40:26,182 - ResourceManager : found om/java/allcommon/DBFluteConfig.vm with loader org.apache.velocity.runtime.resource.loader.FileResourceLoader
2015-04-20 05:40:26,209 - Null reference [template 'om/java/allcommon/DBFluteConfig.vm', line 1124, column 59] : $PoolGuardConnectionWrapper cannot be resolved.
2015-04-20 05:40:26,216 - ResourceManager : found om/java/allcommon/DBFluteInitializer.vm with loader org.apache.velocity.runtime.resource.loader.FileResourceLoader
2015-04-20 05:40:26,224 - ResourceManager : found om/java/allcommon/DBMetaInstanceHandler.vm with loader org.apache.velocity.runtime.resource.loader.FileResourceLoader
2015-04-20 05:40:26,257 - ResourceManager : found om/java/allcommon/EntityDefinedCommonColumn.vm with loader org.apache.velocity.runtime.resource.loader.FileResourceLoader
2015-04-20 05:40:26,271 - ResourceManager : found om/java/allcommon/ImplementedBehaviorSelector.vm with loader org.apache.velocity.runtime.resource.loader.FileResourceLoader
2015-04-20 05:40:26,286 - ResourceManager : found om/java/allcommon/ImplementedCommonColumnAutoSetupper.vm with loader org.apache.velocity.runtime.resource.loader.FileResourceLoader
2015-04-20 05:40:26,292 - ResourceManager : found om/java/allcommon/ImplementedInvokerAssistant.vm with loader org.apache.velocity.runtime.resource.loader.FileResourceLoader
2015-04-20 05:40:26,302 - ResourceManager : found om/java/allcommon/ImplementedSqlClauseCreator.vm with loader org.apache.velocity.runtime.resource.loader.FileResourceLoader
2015-04-20 05:40:26,343 - ResourceManager : found om/java/allcommon/container/spring/SpringDBFluteBeansJavaConfig.vm with loader org.apache.velocity.runtime.resource.loader.FileResourceLoader
2015-04-20 05:40:26,440 - Null reference [template 'om/ControlGenerateJava.vm', line 292, column 38] : ${glPackageExtendedDao} cannot be resolved.
2015-04-20 05:40:26,441 - Null reference [template 'om/ControlGenerateJava.vm', line 295, column 34] : ${glPackageBaseDao} cannot be resolved.
2015-04-20 05:40:26,492 - ResourceManager : found om/java/bsbhv/BaseBhv.vm with loader org.apache.velocity.runtime.resource.loader.FileResourceLoader
2015-04-20 05:40:26,559 - ResourceManager : found om/java/bsbhv/ReferrerLoader.vm with loader org.apache.velocity.runtime.resource.loader.FileResourceLoader
2015-04-20 05:40:26,578 - ResourceManager : found om/java/bsentity/BaseEntity.vm with loader org.apache.velocity.runtime.resource.loader.FileResourceLoader
2015-04-20 05:40:26,613 - ResourceManager : found om/java/bsentity/dbmeta/DBMetaImpl.vm with loader org.apache.velocity.runtime.resource.loader.FileResourceLoader
2015-04-20 05:40:26,634 - ResourceManager : found om/java/exbhv/ExtendedBhv.vm with loader org.apache.velocity.runtime.resource.loader.FileResourceLoader
2015-04-20 05:40:26,640 - ResourceManager : found om/java/exentity/ExtendedEntity.vm with loader org.apache.velocity.runtime.resource.loader.FileResourceLoader
2015-04-20 05:40:26,662 - ResourceManager : found om/java/cbean/BsConditionBean.vm with loader org.apache.velocity.runtime.resource.loader.FileResourceLoader
2015-04-20 05:40:26,726 - ResourceManager : found om/java/cbean/AbstractBsConditionQuery.vm with loader org.apache.velocity.runtime.resource.loader.FileResourceLoader
2015-04-20 05:40:26,733 - RHS of #set statement is null. Context will not be modified. om/java/cbean/AbstractBsConditionQuery.vm[line 70, column 1]
2015-04-20 05:40:26,753 - RHS of #set statement is null. Context will not be modified. om/java/cbean/AbstractBsConditionQuery.vm[line 70, column 1]
2015-04-20 05:40:26,759 - RHS of #set statement is null. Context will not be modified. om/java/cbean/AbstractBsConditionQuery.vm[line 70, column 1]
2015-04-20 05:40:26,768 - RHS of #set statement is null. Context will not be modified. om/java/cbean/AbstractBsConditionQuery.vm[line 70, column 1]
2015-04-20 05:40:26,773 - RHS of #set statement is null. Context will not be modified. om/java/cbean/AbstractBsConditionQuery.vm[line 70, column 1]
2015-04-20 05:40:26,776 - RHS of #set statement is null. Context will not be modified. om/java/cbean/AbstractBsConditionQuery.vm[line 70, column 1]
2015-04-20 05:40:26,798 - ResourceManager : found om/java/cbean/BsConditionInlineQuery.vm with loader org.apache.velocity.runtime.resource.loader.FileResourceLoader
2015-04-20 05:40:26,798 - RHS of #set statement is null. Context will not be modified. om/java/cbean/BsConditionInlineQuery.vm[line 84, column 1]
2015-04-20 05:40:26,799 - RHS of #set statement is null. Context will not be modified. om/java/cbean/BsConditionInlineQuery.vm[line 84, column 1]
2015-04-20 05:40:26,800 - RHS of #set statement is null. Context will not be modified. om/java/cbean/BsConditionInlineQuery.vm[line 84, column 1]
2015-04-20 05:40:26,800 - RHS of #set statement is null. Context will not be modified. om/java/cbean/BsConditionInlineQuery.vm[line 84, column 1]
2015-04-20 05:40:26,800 - RHS of #set statement is null. Context will not be modified. om/java/cbean/BsConditionInlineQuery.vm[line 84, column 1]
2015-04-20 05:40:26,800 - RHS of #set statement is null. Context will not be modified. om/java/cbean/BsConditionInlineQuery.vm[line 84, column 1]
2015-04-20 05:40:26,827 - ResourceManager : found om/java/cbean/BsConditionQuery.vm with loader org.apache.velocity.runtime.resource.loader.FileResourceLoader
2015-04-20 05:40:26,829 - RHS of #set statement is null. Context will not be modified. om/java/cbean/BsConditionQuery.vm[line 104, column 1]
2015-04-20 05:40:26,833 - RHS of #set statement is null. Context will not be modified. om/java/cbean/BsConditionQuery.vm[line 104, column 1]
2015-04-20 05:40:26,834 - RHS of #set statement is null. Context will not be modified. om/java/cbean/BsConditionQuery.vm[line 104, column 1]
2015-04-20 05:40:26,834 - RHS of #set statement is null. Context will not be modified. om/java/cbean/BsConditionQuery.vm[line 104, column 1]
2015-04-20 05:40:26,836 - RHS of #set statement is null. Context will not be modified. om/java/cbean/BsConditionQuery.vm[line 104, column 1]
2015-04-20 05:40:26,839 - RHS of #set statement is null. Context will not be modified. om/java/cbean/BsConditionQuery.vm[line 104, column 1]
2015-04-20 05:40:26,853 - ResourceManager : found om/java/cbean/NestSelectSetupper.vm with loader org.apache.velocity.runtime.resource.loader.FileResourceLoader
2015-04-20 05:40:26,856 - ResourceManager : found om/java/cbean/ExConditionBean.vm with loader org.apache.velocity.runtime.resource.loader.FileResourceLoader
2015-04-20 05:40:26,858 - ResourceManager : found om/java/cbean/ExConditionQuery.vm with loader org.apache.velocity.runtime.resource.loader.FileResourceLoader
2015-04-20 05:40:26,859 - Null reference [template 'om/ControlGenerateJava.vm', line 292, column 38] : ${glPackageExtendedDao} cannot be resolved.
2015-04-20 05:40:26,860 - Null reference [template 'om/ControlGenerateJava.vm', line 295, column 34] : ${glPackageBaseDao} cannot be resolved.
2015-04-20 05:40:26,880 - ResourceManager : found om/java/bsbhv/BaseBhv.vm with loader org.apache.velocity.runtime.resource.loader.FileResourceLoader
2015-04-20 05:40:26,931 - ResourceManager : found om/java/bsbhv/ReferrerLoader.vm with loader org.apache.velocity.runtime.resource.loader.FileResourceLoader
2015-04-20 05:40:26,955 - ResourceManager : found om/java/bsentity/BaseEntity.vm with loader org.apache.velocity.runtime.resource.loader.FileResourceLoader
2015-04-20 05:40:26,988 - ResourceManager : found om/java/bsentity/dbmeta/DBMetaImpl.vm with loader org.apache.velocity.runtime.resource.loader.FileResourceLoader
2015-04-20 05:40:27,015 - ResourceManager : found om/java/cbean/BsConditionBean.vm with loader org.apache.velocity.runtime.resource.loader.FileResourceLoader
2015-04-20 05:40:27,024 - Null reference [template 'om/java/cbean/BsConditionBean.vm', line 655, column 61] : ${relationMethodIdentityName} cannot be resolved.
2015-04-20 05:40:27,045 - ResourceManager : found om/java/cbean/AbstractBsConditionQuery.vm with loader org.apache.velocity.runtime.resource.loader.FileResourceLoader
2015-04-20 05:40:27,046 - RHS of #set statement is null. Context will not be modified. om/java/cbean/AbstractBsConditionQuery.vm[line 70, column 1]
2015-04-20 05:40:27,056 - RHS of #set statement is null. Context will not be modified. om/java/cbean/AbstractBsConditionQuery.vm[line 70, column 1]
2015-04-20 05:40:27,060 - RHS of #set statement is null. Context will not be modified. om/java/cbean/AbstractBsConditionQuery.vm[line 70, column 1]
2015-04-20 05:40:27,062 - RHS of #set statement is null. Context will not be modified. om/java/cbean/AbstractBsConditionQuery.vm[line 70, column 1]
2015-04-20 05:40:27,066 - RHS of #set statement is null. Context will not be modified. om/java/cbean/AbstractBsConditionQuery.vm[line 70, column 1]
2015-04-20 05:40:27,068 - RHS of #set statement is null. Context will not be modified. om/java/cbean/AbstractBsConditionQuery.vm[line 70, column 1]
2015-04-20 05:40:27,079 - ResourceManager : found om/java/cbean/BsConditionInlineQuery.vm with loader org.apache.velocity.runtime.resource.loader.FileResourceLoader
2015-04-20 05:40:27,079 - RHS of #set statement is null. Context will not be modified. om/java/cbean/BsConditionInlineQuery.vm[line 84, column 1]
2015-04-20 05:40:27,081 - RHS of #set statement is null. Context will not be modified. om/java/cbean/BsConditionInlineQuery.vm[line 84, column 1]
2015-04-20 05:40:27,083 - RHS of #set statement is null. Context will not be modified. om/java/cbean/BsConditionInlineQuery.vm[line 84, column 1]
2015-04-20 05:40:27,083 - RHS of #set statement is null. Context will not be modified. om/java/cbean/BsConditionInlineQuery.vm[line 84, column 1]
2015-04-20 05:40:27,083 - RHS of #set statement is null. Context will not be modified. om/java/cbean/BsConditionInlineQuery.vm[line 84, column 1]
2015-04-20 05:40:27,083 - RHS of #set statement is null. Context will not be modified. om/java/cbean/BsConditionInlineQuery.vm[line 84, column 1]
2015-04-20 05:40:27,096 - ResourceManager : found om/java/cbean/BsConditionQuery.vm with loader org.apache.velocity.runtime.resource.loader.FileResourceLoader
2015-04-20 05:40:27,097 - RHS of #set statement is null. Context will not be modified. om/java/cbean/BsConditionQuery.vm[line 104, column 1]
2015-04-20 05:40:27,100 - RHS of #set statement is null. Context will not be modified. om/java/cbean/BsConditionQuery.vm[line 104, column 1]
2015-04-20 05:40:27,100 - RHS of #set statement is null. Context will not be modified. om/java/cbean/BsConditionQuery.vm[line 104, column 1]
2015-04-20 05:40:27,100 - RHS of #set statement is null. Context will not be modified. om/java/cbean/BsConditionQuery.vm[line 104, column 1]
2015-04-20 05:40:27,100 - RHS of #set statement is null. Context will not be modified. om/java/cbean/BsConditionQuery.vm[line 104, column 1]
2015-04-20 05:40:27,101 - RHS of #set statement is null. Context will not be modified. om/java/cbean/BsConditionQuery.vm[line 104, column 1]
2015-04-20 05:40:31,490 - 
2015-04-20 05:40:31,494 - DfFlutistLog4JLogSystem initialized using logfile './log/velocity.log'
2015-04-20 05:40:31,495 - Initializing Velocity, Calling init()...
2015-04-20 05:40:31,495 - *******************************************************************
2015-04-20 05:40:31,495 - Starting Apache Velocity v1.7 (compiled: 2010-11-19 12:14:37)
2015-04-20 05:40:31,495 - RuntimeInstance initializing.
2015-04-20 05:40:31,495 - Default Properties File: org/apache/velocity/runtime/defaults/velocity.properties
2015-04-20 05:40:31,495 - Trying to use logger class org.dbflute.friends.velocity.DfFlutistLog4JLogSystem
2015-04-20 05:40:31,495 - Using logger class org.dbflute.friends.velocity.DfFlutistLog4JLogSystem
2015-04-20 05:40:31,499 - Default ResourceManager initializing. (class org.apache.velocity.runtime.resource.ResourceManagerImpl)
2015-04-20 05:40:31,508 - ResourceLoader instantiated: org.apache.velocity.runtime.resource.loader.FileResourceLoader
2015-04-20 05:40:31,509 - FileResourceLoader : initialization starting.
2015-04-20 05:40:31,509 - Do unicode file recognition:  false
2015-04-20 05:40:31,510 - FileResourceLoader : adding path '/home/syaku/workspace/spring_boot_sample/mydbflute/dbflute-1.1.0-sp2/templates'
2015-04-20 05:40:31,510 - FileResourceLoader : initialization complete.
2015-04-20 05:40:31,539 - ResourceCache: initialized (class org.apache.velocity.runtime.resource.ResourceCacheImpl) with class java.util.Collections$SynchronizedMap cache map.
2015-04-20 05:40:31,539 - Default ResourceManager initialization complete.
2015-04-20 05:40:31,547 - Loaded System Directive: org.apache.velocity.runtime.directive.Stop
2015-04-20 05:40:31,550 - Loaded System Directive: org.apache.velocity.runtime.directive.Define
2015-04-20 05:40:31,551 - Loaded System Directive: org.apache.velocity.runtime.directive.Break
2015-04-20 05:40:31,552 - Loaded System Directive: org.apache.velocity.runtime.directive.Evaluate
2015-04-20 05:40:31,552 - Loaded System Directive: org.apache.velocity.runtime.directive.Literal
2015-04-20 05:40:31,554 - Loaded System Directive: org.apache.velocity.runtime.directive.Macro
2015-04-20 05:40:31,557 - Loaded System Directive: org.apache.velocity.runtime.directive.Parse
2015-04-20 05:40:31,560 - Loaded System Directive: org.apache.velocity.runtime.directive.Include
2015-04-20 05:40:31,563 - Loaded System Directive: org.apache.velocity.runtime.directive.Foreach
2015-04-20 05:40:31,617 - Created '20' parsers.
2015-04-20 05:40:31,657 - Velocimacro : initialization starting.
2015-04-20 05:40:31,658 - Velocimacro : "velocimacro.library" is not set.  Trying default library: VM_global_library.vm
2015-04-20 05:40:31,665 - Velocimacro : Default library not found.
2015-04-20 05:40:31,665 - Velocimacro : allowInline = true : VMs can be defined inline in templates
2015-04-20 05:40:31,665 - Velocimacro : allowInlineToOverride = false : VMs defined inline may NOT replace previous VM definitions
2015-04-20 05:40:31,665 - Velocimacro : allowInlineLocal = false : VMs defined inline will be global in scope if allowed.
2015-04-20 05:40:31,665 - Velocimacro : autoload off : VM system will not automatically reload global library macros
2015-04-20 05:40:31,665 - Velocimacro : Velocimacro : initialization complete.
2015-04-20 05:40:31,665 - RuntimeInstance successfully initialized.
2015-04-20 05:40:31,963 - ResourceManager : found om/ControlSql2EntityJava.vm with loader org.apache.velocity.runtime.resource.loader.FileResourceLoader
